<?xml version="1.0"?>
<!--Phoronix Test Suite v8.4.0m1-->
<PhoronixTestSuite>
  <TestInformation>
    <Title>SVT-AV1</Title>
    <AppVersion>2019-02-13</AppVersion>
    <Description>This is a test of the Intel Open Visual Cloud Scalable Video Technology SVT-AV1 CPU-based multi-threaded video encoder for the AV1 video format with a sample 1080p YUV video file.</Description>
    <ResultScale>Frames Per Second</ResultScale>
    <Proportion>HIB</Proportion>
    <SubTitle>1080p 8-bit YUV To AV1 Video Encode</SubTitle>
    <TimesToRun>3</TimesToRun>
  </TestInformation>
  <TestProfile>
    <Version>1.0.2</Version>
    <SupportedPlatforms>Linux</SupportedPlatforms>
    <SoftwareType>Utility</SoftwareType>
    <TestType>Processor</TestType>
    <License>Free</License>
    <Status>Verified</Status>
    <ExternalDependencies>build-utilities, p7zip, yasm, cmake</ExternalDependencies>
    <EnvironmentSize>1900</EnvironmentSize>
    <ProjectURL>http://github.com/OpenVisualCloud/SVT-AV1</ProjectURL>
    <InternalTags>SMP</InternalTags>
    <Maintainer>Michael Larabel</Maintainer>
  </TestProfile>
</PhoronixTestSuite>
