<?xml version="1.0"?>
<!--Phoronix Test Suite v10.0.1-->
<PhoronixTestSuite>
  <TestInformation>
    <Title>yquake2</Title>
    <AppVersion>7.45</AppVersion>
    <Description>This is a test of Yamagi Quake II. Yamagi Quake II is an enhanced client for id Software's Quake II with focus on offline and coop gameplay. </Description>
    <ResultScale>Frames Per Second</ResultScale>
    <Proportion>HIB</Proportion>
    <Executable>yquake2</Executable>
    <TimesToRun>3</TimesToRun>
  </TestInformation>
  <TestProfile>
    <Version>1.0.2</Version>
    <SupportedPlatforms>Linux, Windows</SupportedPlatforms>
    <SoftwareType>Game</SoftwareType>
    <TestType>Graphics</TestType>
    <License>Free</License>
    <Status>Verified</Status>
    <ExternalDependencies>sdl2-development, build-utilities, curl, openal-development</ExternalDependencies>
    <RequiresDisplay>TRUE</RequiresDisplay>
    <EnvironmentSize>64</EnvironmentSize>
    <ProjectURL>https://github.com/yquake2/yquake2</ProjectURL>
    <Maintainer>Denis Pauk</Maintainer>
  </TestProfile>
  <TestSettings>
    <Default>
      <Arguments>+exec pts.cfg +set vid_fullscreen 0</Arguments>
    </Default>
    <Option>
      <DisplayName>Renderer</DisplayName>
      <Identifier>renderer</Identifier>
      <Menu>
        <Entry>
          <Name>Software CPU</Name>
          <Value>+set vid_renderer soft</Value>
        </Entry>
        <Entry>
          <Name>OpenGL 1.x</Name>
          <Value>+set vid_renderer gl1</Value>
        </Entry>
        <Entry>
          <Name>OpenGL 3.x</Name>
          <Value>+set vid_renderer gl3</Value>
        </Entry>
      </Menu>
    </Option>
    <Option>
      <DisplayName>Resolution</DisplayName>
      <Identifier>resolution</Identifier>
      <Menu>
        <Entry>
          <Name>1920 x 1080</Name>
          <Value>+set r_mode 21</Value>
        </Entry>
        <Entry>
          <Name>2560 x 1440</Name>
          <Value>+set r_mode 25</Value>
        </Entry>
        <Entry>
          <Name>3840 x 2160</Name>
          <Value>+set r_mode 29</Value>
        </Entry>
      </Menu>
    </Option>
  </TestSettings>
</PhoronixTestSuite>
