<?xml version="1.0"?>
<!--Phoronix Test Suite v7.2.0m2-->
<PhoronixTestSuite>
  <TestInformation>
    <Title>Mlpack Benchmark</Title>
    <AppVersion>1.0.0</AppVersion>
    <Description>Mlpack benchmark scripts for machine learning libraries</Description>
    <ResultScale>Seconds</ResultScale>
    <Proportion>LIB</Proportion>
    <TimesToRun>3</TimesToRun>
  </TestInformation>
  <TestProfile>
    <Version>1.0.0</Version>
    <SupportedPlatforms>Linux, BSD</SupportedPlatforms>
    <SoftwareType>Utility</SoftwareType>
    <TestType>System</TestType>
    <License>Free</License>
    <Status>Verified</Status>
    <ProjectURL>https://github.com/mlpack/benchmarks</ProjectURL>
    <Maintainer>Yu Ma</Maintainer>
  </TestProfile>
  <TestSettings>
    <Option>
      <DisplayName>Benchmark</DisplayName>
      <Identifier>benchmark</Identifier>
      <Menu>
        <Entry>
          <Name>scikit_svm</Name>
          <Value>SCIKIT_SVM</Value>
 	</Entry>
      </Menu>
    </Option>
  </TestSettings>


</PhoronixTestSuite>
