<?xml version="1.0"?>
<!--Phoronix Test Suite v10.8.1-->
<PhoronixTestSuite>
  <TestInformation>
    <Title>yquake2</Title>
    <AppVersion>8.10</AppVersion>
    <Description>This is a test of Yamagi Quake II. Yamagi Quake II is an enhanced client for id Software's Quake II with focus on offline and coop gameplay. </Description>
    <ResultScale>Frames Per Second</ResultScale>
    <Proportion>HIB</Proportion>
    <TimesToRun>3</TimesToRun>
  </TestInformation>
  <TestProfile>
    <Version>1.3.0</Version>
    <SupportedPlatforms>Linux, Windows</SupportedPlatforms>
    <SoftwareType>Game</SoftwareType>
    <TestType>Graphics</TestType>
    <License>Free</License>
    <Status>Verified</Status>
    <ExternalDependencies>sdl2-development, build-utilities, curl, openal-development, vulkan-development</ExternalDependencies>
    <RequiresDisplay>TRUE</RequiresDisplay>
    <EnvironmentSize>64</EnvironmentSize>
    <ProjectURL>https://www.yamagi.org/quake2/</ProjectURL>
    <RepositoryURL>https://github.com/yquake2/yquake2</RepositoryURL>
    <Maintainer>Denis Pauk</Maintainer>
  </TestProfile>
  <TestSettings>
    <Default>
      <Arguments>+exec pts.cfg +set vid_fullscreen 0 +set r_retexturing 2 +set r_scale8bittextures 1 +set vid_maxfps 999 +set r_vsync 0</Arguments>
    </Default>
    <Option>
      <DisplayName>Renderer</DisplayName>
      <Identifier>renderer</Identifier>
      <Menu>
        <Entry>
          <Name>Software CPU</Name>
          <Value>+set vid_renderer soft +set sw_colorlight 0</Value>
        </Entry>
        <Entry>
          <Name>Software CPU Color Light</Name>
          <Value>+set vid_renderer soft +set sw_colorlight 1</Value>
        </Entry>
        <Entry>
          <Name>OpenGL 1.x</Name>
          <Value>+set vid_renderer gl1</Value>
        </Entry>
        <Entry>
          <Name>OpenGL 3.x</Name>
          <Value>+set vid_renderer gl3</Value>
        </Entry>
        <Entry>
          <Name>OpenGLES 3.x</Name>
          <Value>+set vid_renderer gles3</Value>
        </Entry>
        <Entry>
          <Name>Vulkan</Name>
          <Value>+set vid_renderer vk</Value>
        </Entry>
      </Menu>
    </Option>
    <Option>
      <DisplayName>AF</DisplayName>
      <Identifier>texture_filtering</Identifier>
      <Menu>
        <Entry>
          <Name>Off</Name>
          <Value>+set r_anisotropic 0</Value>
        </Entry>
        <Entry>
          <Name>On</Name>
          <Value>+set r_anisotropic 16</Value>
        </Entry>
      </Menu>
    </Option>
    <Option>
      <DisplayName>MSAA</DisplayName>
      <Identifier>msaa</Identifier>
      <Menu>
        <Entry>
          <Name>Off</Name>
          <Value>+set r_msaa_samples 0</Value>
        </Entry>
        <Entry>
          <Name>On</Name>
          <Value>+set r_msaa_samples 16</Value>
        </Entry>
      </Menu>
    </Option>
    <Option>
      <DisplayName>Resolution</DisplayName>
      <Identifier>resolution</Identifier>
      <Menu>
        <Entry>
          <Name>1920 x 1080</Name>
          <Value>+set r_mode 21</Value>
        </Entry>
        <Entry>
          <Name>2560 x 1440</Name>
          <Value>+set r_mode 25</Value>
        </Entry>
        <Entry>
          <Name>3840 x 2160</Name>
          <Value>+set r_mode 29</Value>
        </Entry>
        <Entry>
          <Name>5120 x 2880</Name>
          <Value>+set r_mode 31</Value>
        </Entry>
        <Entry>
          <Name>7680 &#xD7; 4320</Name>
          <Value>+set r_mode -1 +set r_customwidth 7680 +set r_customheight 4320</Value>
        </Entry>
      </Menu>
    </Option>
  </TestSettings>
</PhoronixTestSuite>
