<?xml version="1.0"?>
<!--Phoronix Test Suite v8.8.1-->
<PhoronixTestSuite>
  <TestInformation>
    <Title>Nginx</Title>
    <Executable>nginx</Executable>
  </TestInformation>
  <TestProfile>
    <Version>1.0.0</Version>
    <ExternalDependencies>nginx,git</ExternalDependencies>
  </TestProfile>
  <TestSettings>
    <Option>
      <DisplayName>Test</DisplayName>
      <Identifier>test</Identifier>
      <DefaultEntry>0</DefaultEntry>
      <Menu>
        <Entry>
          <Name>long connection</Name>
          <Value>long</Value>
          <Message>long connections</Message>
        </Entry>
        <Entry>
          <Name>short connection</Name>
          <Value>short</Value>
          <Message>short connections</Message>
        </Entry>
      </Menu>
    </Option>
    <!--Default>
      <Arguments>-t1 -c500 -d30s http://127.0.0.1:8089/test.html</Arguments>
    </Default-->
  </TestSettings>
</PhoronixTestSuite>
