<?xml version="1.0"?>
<!--Phoronix Test Suite v7.8.0m3-->
<PhoronixTestSuite>
  <TestInformation>
    <Title>GnuPG</Title>
    <AppVersion>1.4.22</AppVersion>
    <Description>This test times how long it takes to encrypt a file using GnuPG.</Description>
    <ResultScale>Seconds</ResultScale>
    <Proportion>LIB</Proportion>
    <SubTitle>2GB File Encryption</SubTitle>
    <TimesToRun>3</TimesToRun>
  </TestInformation>
  <TestProfile>
    <Version>2.4.0</Version>
    <SupportedPlatforms>Linux</SupportedPlatforms>
    <SoftwareType>Utility</SoftwareType>
    <TestType>Processor</TestType>
    <License>Free</License>
    <Status>Verified</Status>
    <ExternalDependencies>build-utilities</ExternalDependencies>
    <EnvironmentSize>8.4</EnvironmentSize>
    <EnvironmentTestingSize>2048</EnvironmentTestingSize>
    <ProjectURL>http://www.gnupg.org/</ProjectURL>
    <Maintainer>Michael Larabel</Maintainer>
  </TestProfile>
</PhoronixTestSuite>
