<?xml version="1.0"?>
<!--Phoronix Test Suite v6.4.0m1-->
<PhoronixTestSuite>
  <TestInformation>
    <Title>sysbench for mysql</Title>
    <Executable>mysql</Executable>
  </TestInformation>
  <TestProfile>
    <Version>1.0.0</Version>
    <SupportedPlatforms>Linux</SupportedPlatforms>
    <!--ExternalDependencies>redis,autoconf,automake,make,gcc-c++,pcre-devel,zlib-devel,libmemcached-devel,libevent,libevent-devel</ExternalDependencies-->
    <ExternalDependencies>build-utilities,mysql,mysql-devel,autoconf,automake,make,python3,libtool</ExternalDependencies>
  </TestProfile>
  <TestSettings>
    <Default>
     <Arguments></Arguments>
    </Default>
  </TestSettings>
</PhoronixTestSuite>
